<?xml version="1.0" encoding="UTF-8"?>
<!-- Generated by org.testng.reporters.JUnitReportReporter -->
<testsuite hostname="Kaykaku" name="com.edusys.ui.HocVienJDialogTest" tests="7" failures="0" timestamp="14 Apr 2022 18:29:02 GMT" time="0.000" errors="0">
  <testcase name="testGetXepLoai" time="0.000" classname="com.edusys.ui.HocVienJDialogTest"/>
  <testcase name="testGetXepLoai" time="0.000" classname="com.edusys.ui.HocVienJDialogTest"/>
  <testcase name="testGetXepLoai" time="0.000" classname="com.edusys.ui.HocVienJDialogTest"/>
  <testcase name="testGetXepLoai" time="0.000" classname="com.edusys.ui.HocVienJDialogTest"/>
  <testcase name="testGetXepLoai" time="0.000" classname="com.edusys.ui.HocVienJDialogTest"/>
  <testcase name="testGetXepLoai" time="0.000" classname="com.edusys.ui.HocVienJDialogTest"/>
  <testcase name="testGetXepLoai" time="0.000" classname="com.edusys.ui.HocVienJDialogTest"/>
</testsuite> <!-- com.edusys.ui.HocVienJDialogTest -->
