<?xml version="1.0" encoding="UTF-8"?>
<!-- Generated by org.testng.reporters.JUnitReportReporter -->
<testsuite hostname="Kaykaku" name="com.edusys.ui.DoiMatKhauJDialogTest" tests="5" failures="0" timestamp="14 Apr 2022 18:29:02 GMT" time="0.289" errors="0">
  <testcase name="testChangePass5" time="0.057" classname="com.edusys.ui.DoiMatKhauJDialogTest"/>
  <testcase name="testChangePass3" time="0.051" classname="com.edusys.ui.DoiMatKhauJDialogTest"/>
  <testcase name="testChangePass1" time="0.074" classname="com.edusys.ui.DoiMatKhauJDialogTest"/>
  <testcase name="testChangePass2" time="0.055" classname="com.edusys.ui.DoiMatKhauJDialogTest"/>
  <testcase name="testChangePass4" time="0.052" classname="com.edusys.ui.DoiMatKhauJDialogTest"/>
</testsuite> <!-- com.edusys.ui.DoiMatKhauJDialogTest -->
