<?xml version="1.0" encoding="UTF-8"?>
<!-- Generated by org.testng.reporters.JUnitReportReporter -->
<testsuite hostname="Kaykaku" name="com.edusys.dao.NhanVienDAOTest" tests="7" failures="0" timestamp="14 Apr 2022 18:29:02 GMT" time="0.298" errors="0">
  <testcase name="testSelectByKey" time="0.012" classname="com.edusys.dao.NhanVienDAOTest"/>
  <testcase name="testSelectBySql" time="0.011" classname="com.edusys.dao.NhanVienDAOTest"/>
  <testcase name="testUpdate" time="0.029" classname="com.edusys.dao.NhanVienDAOTest"/>
  <testcase name="testSelectByID" time="0.028" classname="com.edusys.dao.NhanVienDAOTest"/>
  <testcase name="testInsert" time="0.032" classname="com.edusys.dao.NhanVienDAOTest"/>
  <testcase name="testSelectAll" time="0.156" classname="com.edusys.dao.NhanVienDAOTest"/>
  <testcase name="testDelete" time="0.030" classname="com.edusys.dao.NhanVienDAOTest"/>
</testsuite> <!-- com.edusys.dao.NhanVienDAOTest -->
