<?xml version="1.0" encoding="UTF-8"?>
<!-- Generated by org.testng.reporters.JUnitReportReporter -->
<testsuite hostname="Kaykaku" failures="0" tests="3" name="webtest.DangNhapPageTest" time="17.592" errors="0" timestamp="2022-04-15T22:22:12 ICT" skipped="0">
  <testcase classname="webtest.DangNhapPageTest" name="launchWebsite" time="5.292"/>
  <system-out/>
  <testcase classname="webtest.DangNhapPageTest" name="FillLogin" time="1.224"/>
  <system-out/>
  <testcase classname="webtest.DangNhapPageTest" name="DoLogin" time="11.076"/>
  <system-out/>
</testsuite> <!-- webtest.DangNhapPageTest -->
