<?xml version="1.0" encoding="UTF-8"?>
<!-- Generated by org.testng.reporters.JUnitReportReporter -->
<testsuite hostname="Kaykaku" failures="0" tests="5" name="com.edusys.ui.DoiMatKhauJDialogTest" time="0.739" errors="0" timestamp="2022-04-15T22:22:12 ICT" skipped="0">
  <testcase classname="com.edusys.ui.DoiMatKhauJDialogTest" name="testChangePass3" time="0.118"/>
  <system-out/>
  <testcase classname="com.edusys.ui.DoiMatKhauJDialogTest" name="testChangePass4" time="0.126"/>
  <system-out/>
  <testcase classname="com.edusys.ui.DoiMatKhauJDialogTest" name="testChangePass5" time="0.207"/>
  <system-out/>
  <testcase classname="com.edusys.ui.DoiMatKhauJDialogTest" name="testChangePass1" time="0.154"/>
  <system-out/>
  <testcase classname="com.edusys.ui.DoiMatKhauJDialogTest" name="testChangePass2" time="0.134"/>
  <system-out/>
</testsuite> <!-- com.edusys.ui.DoiMatKhauJDialogTest -->
