<?xml version="1.0" encoding="UTF-8"?>
<!-- Generated by org.testng.reporters.JUnitReportReporter -->
<testsuite hostname="Kaykaku" failures="0" tests="7" name="com.edusys.dao.NhanVienDAOTest" time="0.849" errors="0" timestamp="2022-04-15T22:22:12 ICT" skipped="0">
  <testcase classname="com.edusys.dao.NhanVienDAOTest" name="testSelectBySql" time="0.376"/>
  <system-out/>
  <testcase classname="com.edusys.dao.NhanVienDAOTest" name="testSelectAll" time="0.028"/>
  <system-out/>
  <testcase classname="com.edusys.dao.NhanVienDAOTest" name="testSelectByID" time="0.041"/>
  <system-out/>
  <testcase classname="com.edusys.dao.NhanVienDAOTest" name="testSelectByKey" time="0.022"/>
  <system-out/>
  <testcase classname="com.edusys.dao.NhanVienDAOTest" name="testInsert" time="0.140"/>
  <system-out/>
  <testcase classname="com.edusys.dao.NhanVienDAOTest" name="testUpdate" time="0.150"/>
  <system-out/>
  <testcase classname="com.edusys.dao.NhanVienDAOTest" name="testDelete" time="0.092"/>
  <system-out/>
</testsuite> <!-- com.edusys.dao.NhanVienDAOTest -->
