<?xml version="1.0" encoding="UTF-8"?>
<!-- Generated by org.testng.reporters.JUnitReportReporter -->
<testsuite hostname="Kaykaku" failures="0" tests="6" name="com.edusys.dao.HocVienDAOTest" time="0.630" errors="0" timestamp="2022-04-15T22:22:12 ICT" skipped="0">
  <testcase classname="com.edusys.dao.HocVienDAOTest" name="testSelectBySql" time="0.066"/>
  <system-out/>
  <testcase classname="com.edusys.dao.HocVienDAOTest" name="testSelectAll" time="0.095"/>
  <system-out/>
  <testcase classname="com.edusys.dao.HocVienDAOTest" name="testSelectByNHKH" time="0.077"/>
  <system-out/>
  <testcase classname="com.edusys.dao.HocVienDAOTest" name="testInsert" time="0.106"/>
  <system-out/>
  <testcase classname="com.edusys.dao.HocVienDAOTest" name="testUpdate" time="0.172"/>
  <system-out/>
  <testcase classname="com.edusys.dao.HocVienDAOTest" name="testDelete" time="0.114"/>
  <system-out/>
</testsuite> <!-- com.edusys.dao.HocVienDAOTest -->
