<?xml version="1.0" encoding="UTF-8"?>
<!-- Generated by org.testng.reporters.JUnitReportReporter -->
<testsuite hostname="Kaykaku" failures="0" tests="3" name="com.edusys.ui.DangNhapJDialogTest" time="0.157" errors="0" timestamp="2022-04-15T22:22:12 ICT" skipped="0">
  <testcase classname="com.edusys.ui.DangNhapJDialogTest" name="testIsLogin2" time="0.071"/>
  <system-out/>
  <testcase classname="com.edusys.ui.DangNhapJDialogTest" name="testIsLogin1" time="0.027"/>
  <system-out/>
  <testcase classname="com.edusys.ui.DangNhapJDialogTest" name="testIsLogin3" time="0.059"/>
  <system-out/>
</testsuite> <!-- com.edusys.ui.DangNhapJDialogTest -->
